<?xml version="1.0" encoding="UTF-8"?>
<!-- Generated by org.testng.reporters.JUnitXMLReporter -->
<testsuite ignored="0" hostname="LAPTOP-BODR9R79" failures="1" tests="2" name="Test" time="46.067" errors="0" timestamp="2022-12-06T17:13:35 IST">
  <testcase classname="TestSuite.TestSuite" name="smokeTest" time="28.326"/>
  <testcase classname="TestSuite.TestSuite" name="regresionTest" time="16.84">
    <failure type="java.lang.IndexOutOfBoundsException" message="Index 15 out of bounds for length 15">
      <![CDATA[java.lang.IndexOutOfBoundsException: Index 15 out of bounds for length 15
at java.base/jdk.internal.util.Preconditions.outOfBounds(Preconditions.java:64)
at java.base/jdk.internal.util.Preconditions.outOfBoundsCheckIndex(Preconditions.java:70)
at java.base/jdk.internal.util.Preconditions.checkIndex(Preconditions.java:248)
at java.base/java.util.Objects.checkIndex(Objects.java:359)
at java.base/java.util.ArrayList.get(ArrayList.java:427)
at org.openqa.selenium.support.pagefactory.internal.LocatingElementListHandler.invoke(LocatingElementListHandler.java:39)
at com.sun.proxy.$Proxy13.get(Unknown Source)
at Pages.CarWashPage.displayDetails(CarWashPage.java:195)
at TestSuite.TestSuite.regresionTest(TestSuite.java:70)
at java.base/java.util.ArrayList.forEach(ArrayList.java:1511)
... Removed 30 stack frames]]>
    </failure>
  </testcase> <!-- regresionTest -->
</testsuite> <!-- Test -->
